<?xml version="1.0" encoding="UTF-8"?>
<testng-results ignored="0" total="4" passed="4" failed="0" skipped="0">
  <reporter-output>
  </reporter-output>
  <suite started-at="2018-03-21T13:52:55Z" name="This is a suite of tests" finished-at="2018-03-21T13:52:55Z" duration-ms="47">
    <groups>
    </groups>
    <test started-at="2018-03-21T13:52:55Z" name="These are the test cases" finished-at="2018-03-21T13:52:55Z" duration-ms="47">
      <class name="testngFiles.Annotations">
        <test-method is-config="true" signature="RunsOnceBeforeTests()[pri:0, instance:testngFiles.Annotations@3af9c5b7]" started-at="2018-03-21T13:52:55Z" name="RunsOnceBeforeTests" finished-at="2018-03-21T13:52:55Z" duration-ms="1" status="PASS">
          <reporter-output>
          </reporter-output>
        </test-method> <!-- RunsOnceBeforeTests -->
        <test-method is-config="true" signature="RunsOnceBeforeTests()[pri:0, instance:testngFiles2.Annotations@37271612]" started-at="2018-03-21T13:52:55Z" name="RunsOnceBeforeTests" finished-at="2018-03-21T13:52:55Z" duration-ms="0" status="PASS">
          <reporter-output>
          </reporter-output>
        </test-method> <!-- RunsOnceBeforeTests -->
        <test-method signature="TestCase1()[pri:0, instance:testngFiles.Annotations@3af9c5b7]" started-at="2018-03-21T13:52:55Z" name="TestCase1" finished-at="2018-03-21T13:52:55Z" duration-ms="14" status="PASS">
          <reporter-output>
          </reporter-output>
        </test-method> <!-- TestCase1 -->
        <test-method is-config="true" signature="RunsOnceBeforeEachTest()[pri:0, instance:testngFiles.Annotations@3af9c5b7]" started-at="2018-03-21T13:52:55Z" name="RunsOnceBeforeEachTest" finished-at="2018-03-21T13:52:55Z" duration-ms="0" status="PASS">
          <reporter-output>
          </reporter-output>
        </test-method> <!-- RunsOnceBeforeEachTest -->
        <test-method is-config="true" signature="RunsOnceAfterEachTest()[pri:0, instance:testngFiles.Annotations@3af9c5b7]" started-at="2018-03-21T13:52:55Z" name="RunsOnceAfterEachTest" finished-at="2018-03-21T13:52:55Z" duration-ms="1" status="PASS">
          <reporter-output>
          </reporter-output>
        </test-method> <!-- RunsOnceAfterEachTest -->
        <test-method is-config="true" signature="RunsOnceBeforeEachTest()[pri:0, instance:testngFiles.Annotations@3af9c5b7]" started-at="2018-03-21T13:52:55Z" name="RunsOnceBeforeEachTest" finished-at="2018-03-21T13:52:55Z" duration-ms="1" status="PASS">
          <reporter-output>
          </reporter-output>
        </test-method> <!-- RunsOnceBeforeEachTest -->
        <test-method signature="TestCase2()[pri:0, instance:testngFiles.Annotations@3af9c5b7]" started-at="2018-03-21T13:52:55Z" name="TestCase2" finished-at="2018-03-21T13:52:55Z" duration-ms="1" status="PASS">
          <reporter-output>
          </reporter-output>
        </test-method> <!-- TestCase2 -->
        <test-method is-config="true" signature="RunsOnceAfterEachTest()[pri:0, instance:testngFiles.Annotations@3af9c5b7]" started-at="2018-03-21T13:52:55Z" name="RunsOnceAfterEachTest" finished-at="2018-03-21T13:52:55Z" duration-ms="1" status="PASS">
          <reporter-output>
          </reporter-output>
        </test-method> <!-- RunsOnceAfterEachTest -->
        <test-method is-config="true" signature="RunsOnceAfterTests()[pri:0, instance:testngFiles.Annotations@3af9c5b7]" started-at="2018-03-21T13:52:55Z" name="RunsOnceAfterTests" finished-at="2018-03-21T13:52:55Z" duration-ms="1" status="PASS">
          <reporter-output>
          </reporter-output>
        </test-method> <!-- RunsOnceAfterTests -->
        <test-method is-config="true" signature="RunsOnceAfterTests()[pri:0, instance:testngFiles2.Annotations@37271612]" started-at="2018-03-21T13:52:55Z" name="RunsOnceAfterTests" finished-at="2018-03-21T13:52:55Z" duration-ms="0" status="PASS">
          <reporter-output>
          </reporter-output>
        </test-method> <!-- RunsOnceAfterTests -->
      </class> <!-- testngFiles.Annotations -->
      <class name="testngFiles.Annotations2">
        <test-method is-config="true" signature="RunsOnceBeforeEverything()[pri:0, instance:testngFiles.Annotations2@c86b9e3]" started-at="2018-03-21T13:52:55Z" name="RunsOnceBeforeEverything" finished-at="2018-03-21T13:52:55Z" duration-ms="13" status="PASS">
          <reporter-output>
          </reporter-output>
        </test-method> <!-- RunsOnceBeforeEverything -->
        <test-method is-config="true" signature="RunsOnceBeforeEverything()[pri:0, instance:testngFiles2.Annotations2@10aa41f2]" started-at="2018-03-21T13:52:55Z" name="RunsOnceBeforeEverything" finished-at="2018-03-21T13:52:55Z" duration-ms="0" status="PASS">
          <reporter-output>
          </reporter-output>
        </test-method> <!-- RunsOnceBeforeEverything -->
        <test-method is-config="true" signature="RunsOnceAfterEverything()[pri:0, instance:testngFiles.Annotations2@c86b9e3]" started-at="2018-03-21T13:52:55Z" name="RunsOnceAfterEverything" finished-at="2018-03-21T13:52:55Z" duration-ms="0" status="PASS">
          <reporter-output>
          </reporter-output>
        </test-method> <!-- RunsOnceAfterEverything -->
        <test-method is-config="true" signature="RunsOnceAfterEverything()[pri:0, instance:testngFiles2.Annotations2@10aa41f2]" started-at="2018-03-21T13:52:55Z" name="RunsOnceAfterEverything" finished-at="2018-03-21T13:52:55Z" duration-ms="0" status="PASS">
          <reporter-output>
          </reporter-output>
        </test-method> <!-- RunsOnceAfterEverything -->
      </class> <!-- testngFiles.Annotations2 -->
      <class name="testngFiles2.Annotations">
        <test-method signature="TestCase1()[pri:0, instance:testngFiles2.Annotations@37271612]" started-at="2018-03-21T13:52:55Z" name="TestCase1" finished-at="2018-03-21T13:52:55Z" duration-ms="1" status="PASS">
          <reporter-output>
          </reporter-output>
        </test-method> <!-- TestCase1 -->
        <test-method is-config="true" signature="RunsOnceBeforeEachTest()[pri:0, instance:testngFiles2.Annotations@37271612]" started-at="2018-03-21T13:52:55Z" name="RunsOnceBeforeEachTest" finished-at="2018-03-21T13:52:55Z" duration-ms="0" status="PASS">
          <reporter-output>
          </reporter-output>
        </test-method> <!-- RunsOnceBeforeEachTest -->
        <test-method signature="TestCase2()[pri:0, instance:testngFiles2.Annotations@37271612]" started-at="2018-03-21T13:52:55Z" name="TestCase2" finished-at="2018-03-21T13:52:55Z" duration-ms="1" status="PASS">
          <reporter-output>
          </reporter-output>
        </test-method> <!-- TestCase2 -->
        <test-method is-config="true" signature="RunsOnceBeforeEachTest()[pri:0, instance:testngFiles2.Annotations@37271612]" started-at="2018-03-21T13:52:55Z" name="RunsOnceBeforeEachTest" finished-at="2018-03-21T13:52:55Z" duration-ms="0" status="PASS">
          <reporter-output>
          </reporter-output>
        </test-method> <!-- RunsOnceBeforeEachTest -->
        <test-method is-config="true" signature="RunsOnceAfterEachTest()[pri:0, instance:testngFiles2.Annotations@37271612]" started-at="2018-03-21T13:52:55Z" name="RunsOnceAfterEachTest" finished-at="2018-03-21T13:52:55Z" duration-ms="0" status="PASS">
          <reporter-output>
          </reporter-output>
        </test-method> <!-- RunsOnceAfterEachTest -->
        <test-method is-config="true" signature="RunsOnceAfterEachTest()[pri:0, instance:testngFiles2.Annotations@37271612]" started-at="2018-03-21T13:52:55Z" name="RunsOnceAfterEachTest" finished-at="2018-03-21T13:52:55Z" duration-ms="0" status="PASS">
          <reporter-output>
          </reporter-output>
        </test-method> <!-- RunsOnceAfterEachTest -->
      </class> <!-- testngFiles2.Annotations -->
    </test> <!-- These are the test cases -->
  </suite> <!-- This is a suite of tests -->
</testng-results>
