<?xml version="1.0" encoding="UTF-8"?>
<testng-results ignored="0" total="1" passed="1" failed="0" skipped="0">
  <reporter-output>
  </reporter-output>
  <suite started-at="2018-04-10T22:24:22Z" name="Default suite" finished-at="2018-04-10T22:24:22Z" duration-ms="33">
    <groups>
    </groups>
    <test started-at="2018-04-10T22:24:22Z" name="Default test" finished-at="2018-04-10T22:24:22Z" duration-ms="33">
      <class name="AnotherBrowser.ProfileTest">
        <test-method signature="profiletest()[pri:0, instance:AnotherBrowser.ProfileTest@3ee37e5a]" started-at="2018-04-10T22:24:22Z" name="profiletest" finished-at="2018-04-10T22:24:22Z" duration-ms="10" status="PASS">
          <reporter-output>
          </reporter-output>
        </test-method> <!-- profiletest -->
      </class> <!-- AnotherBrowser.ProfileTest -->
    </test> <!-- Default test -->
  </suite> <!-- Default suite -->
</testng-results>
