<?xml version="1.0" encoding="UTF-8"?>
<!-- Generated by org.testng.reporters.JUnitXMLReporter -->
<testsuite ignored="0" hostname="Vince-Thinkpad" failures="0" tests="4" name="These are the test cases" time="0.047" errors="0" timestamp="21 Mar 2018 13:52:55 GMT">
  <testcase classname="testngFiles.Annotations" name="TestCase1" time="0.014"/>
  <testcase classname="testngFiles.Annotations" name="TestCase2" time="0.001"/>
  <testcase classname="testngFiles2.Annotations" name="TestCase1" time="0.001"/>
  <testcase classname="testngFiles2.Annotations" name="TestCase2" time="0.001"/>
</testsuite> <!-- These are the test cases -->
