<?xml version="1.0" encoding="UTF-8"?>
<testng-results ignored="0" total="1" passed="1" failed="0" skipped="0">
  <reporter-output>
  </reporter-output>
  <suite started-at="2018-03-29T02:17:50Z" name="This is a suite of tests" finished-at="2018-03-29T02:18:00Z" duration-ms="10756">
    <groups>
    </groups>
    <test started-at="2018-03-29T02:17:50Z" name="These are the test cases" finished-at="2018-03-29T02:18:00Z" duration-ms="10756">
      <class name="Framework.AppTest">
        <test-method signature="test()[pri:0, instance:Framework.AppTest@2dc54ad4]" started-at="2018-03-29T02:17:50Z" name="test" finished-at="2018-03-29T02:18:00Z" duration-ms="10702" status="PASS">
          <reporter-output>
          </reporter-output>
        </test-method> <!-- test -->
      </class> <!-- Framework.AppTest -->
      <class name="Framework.appiumServer">
        <test-method is-config="true" signature="startAppiumServer()[pri:0, instance:Framework.appiumServer@1151e434]" started-at="2018-03-29T02:17:43Z" name="startAppiumServer" finished-at="2018-03-29T02:17:50Z" duration-ms="7025" status="PASS">
          <reporter-output>
          </reporter-output>
        </test-method> <!-- startAppiumServer -->
      </class> <!-- Framework.appiumServer -->
    </test> <!-- These are the test cases -->
  </suite> <!-- This is a suite of tests -->
</testng-results>
